2026-04-19 19:40:49,050 - aqt.helper - DEBUG - helper 2804 Attempt to download checksum at https://download.qt.io/online/qtsdkrepository/windows_x86/desktop/qt6_683/qt6_683/Updates.xml.sha256
2026-04-19 19:40:57,687 - aqt.main - INFO - installer 7392 aqtinstall(aqt) v3.3.0 on Python 3.13.12 [CPython MSC v.1944 64 bit (AMD64)]
2026-04-19 19:40:57,689 - aqt.helper - DEBUG - helper 7392 Attempt to download checksum at https://download.qt.io/online/qtsdkrepository/windows_x86/desktop/qt6_683/qt6_683/Updates.xml.sha256
2026-04-19 19:40:59,087 - aqt.helper - DEBUG - helper 7392 Attempt to download checksum at https://download.qt.io/online/qtsdkrepository/windows_x86/extensions/qtwebengine/683/mingw/Updates.xml.sha256
2026-04-19 19:40:59,733 - aqt.helper - DEBUG - helper 7392 Attempt to download checksum at https://download.qt.io/online/qtsdkrepository/windows_x86/extensions/qtwebengine/683/mingw/Updates.xml.sha256
2026-04-19 19:41:00,411 - aqt.helper - DEBUG - helper 7392 Attempt to download checksum at https://download.qt.io/online/qtsdkrepository/windows_x86/extensions/qtwebengine/683/mingw/Updates.xml.sha256
2026-04-19 19:41:01,136 - aqt.helper - DEBUG - helper 7392 Attempt to download checksum at https://download.qt.io/online/qtsdkrepository/windows_x86/extensions/qtwebengine/683/mingw/Updates.xml.sha256
2026-04-19 19:41:01,837 - aqt.helper - DEBUG - helper 7392 Attempt to download checksum at https://download.qt.io/online/qtsdkrepository/windows_x86/extensions/qtwebengine/683/mingw/Updates.xml.sha256
2026-04-19 19:41:02,567 - aqt.helper - DEBUG - helper 7392 Attempt to download checksum at https://download.qt.io/online/qtsdkrepository/windows_x86/extensions/qtpdf/683/mingw/Updates.xml.sha256
2026-04-19 19:41:03,993 - aqt.archives - INFO - archives 7392 Found extension qtpdf
2026-04-19 19:41:04,863 - aqt.helper - DEBUG - helper 23564 Attempt to download checksum at https://download.qt.io/online/qtsdkrepository/windows_x86/desktop/qt6_683/qt6_683/qt.qt6.683.addons.qtnetworkauth.win64_mingw/6.8.3-0-202503201308qtnetworkauth-Windows-Windows_10_22H2-Mingw-Windows-Windows_10_22H2-X86_64.7z.sha256
2026-04-19 19:41:04,865 - aqt.helper - DEBUG - helper 27408 Attempt to download checksum at https://download.qt.io/online/qtsdkrepository/windows_x86/desktop/qt6_683/qt6_683/qt.qt6.683.win64_mingw/6.8.3-0-202503201308qtsvg-Windows-Windows_10_22H2-Mingw-Windows-Windows_10_22H2-X86_64.7z.sha256
2026-04-19 19:41:04,865 - aqt.helper - DEBUG - helper 9596 Attempt to download checksum at https://download.qt.io/online/qtsdkrepository/windows_x86/desktop/qt6_683/qt6_683/qt.qt6.683.win64_mingw/6.8.3-0-202503201308qtbase-Windows-Windows_10_22H2-Mingw-Windows-Windows_10_22H2-X86_64.7z.sha256
2026-04-19 19:41:04,866 - aqt.helper - DEBUG - helper 25572 Attempt to download checksum at https://download.qt.io/online/qtsdkrepository/windows_x86/desktop/qt6_683/qt6_683/qt.qt6.683.win64_mingw/6.8.3-0-202503201308qtdeclarative-Windows-Windows_10_22H2-Mingw-Windows-Windows_10_22H2-X86_64.7z.sha256
2026-04-19 19:41:05,882 - aqt.helper - INFO - helper 9596 Downloading qtbase...
2026-04-19 19:41:05,883 - aqt.helper - INFO - helper 27408 Downloading qtsvg...
2026-04-19 19:41:05,892 - aqt.helper - INFO - helper 25572 Downloading qtdeclarative...
2026-04-19 19:41:05,894 - aqt.helper - INFO - helper 23564 Downloading qtnetworkauth...
2026-04-19 19:41:05,884 - aqt.installer - DEBUG - installer 9596 Download URL: https://download.qt.io/online/qtsdkrepository/windows_x86/desktop/qt6_683/qt6_683/qt.qt6.683.win64_mingw/6.8.3-0-202503201308qtbase-Windows-Windows_10_22H2-Mingw-Windows-Windows_10_22H2-X86_64.7z
2026-04-19 19:41:05,885 - aqt.installer - DEBUG - installer 27408 Download URL: https://download.qt.io/online/qtsdkrepository/windows_x86/desktop/qt6_683/qt6_683/qt.qt6.683.win64_mingw/6.8.3-0-202503201308qtsvg-Windows-Windows_10_22H2-Mingw-Windows-Windows_10_22H2-X86_64.7z
2026-04-19 19:41:05,896 - aqt.installer - DEBUG - installer 25572 Download URL: https://download.qt.io/online/qtsdkrepository/windows_x86/desktop/qt6_683/qt6_683/qt.qt6.683.win64_mingw/6.8.3-0-202503201308qtdeclarative-Windows-Windows_10_22H2-Mingw-Windows-Windows_10_22H2-X86_64.7z
2026-04-19 19:41:05,897 - aqt.installer - DEBUG - installer 23564 Download URL: https://download.qt.io/online/qtsdkrepository/windows_x86/desktop/qt6_683/qt6_683/qt.qt6.683.addons.qtnetworkauth.win64_mingw/6.8.3-0-202503201308qtnetworkauth-Windows-Windows_10_22H2-Mingw-Windows-Windows_10_22H2-X86_64.7z
2026-04-19 19:41:06,928 - aqt.helper - DEBUG - helper 9596 Asked to redirect(302) to: https://ftp.fau.de/qtproject/online/qtsdkrepository/windows_x86/desktop/qt6_683/qt6_683/qt.qt6.683.win64_mingw/6.8.3-0-202503201308qtbase-Windows-Windows_10_22H2-Mingw-Windows-Windows_10_22H2-X86_64.7z
2026-04-19 19:41:06,928 - aqt.helper - INFO - helper 9596 Redirected: ftp.fau.de
2026-04-19 19:41:06,935 - aqt.helper - DEBUG - helper 25572 Asked to redirect(302) to: https://ftp.fau.de/qtproject/online/qtsdkrepository/windows_x86/desktop/qt6_683/qt6_683/qt.qt6.683.win64_mingw/6.8.3-0-202503201308qtdeclarative-Windows-Windows_10_22H2-Mingw-Windows-Windows_10_22H2-X86_64.7z
2026-04-19 19:41:06,935 - aqt.helper - DEBUG - helper 27408 Asked to redirect(302) to: https://ftp.fau.de/qtproject/online/qtsdkrepository/windows_x86/desktop/qt6_683/qt6_683/qt.qt6.683.win64_mingw/6.8.3-0-202503201308qtsvg-Windows-Windows_10_22H2-Mingw-Windows-Windows_10_22H2-X86_64.7z
2026-04-19 19:41:06,935 - aqt.helper - INFO - helper 25572 Redirected: ftp.fau.de
2026-04-19 19:41:06,936 - aqt.helper - DEBUG - helper 23564 Asked to redirect(302) to: https://ftp.fau.de/qtproject/online/qtsdkrepository/windows_x86/desktop/qt6_683/qt6_683/qt.qt6.683.addons.qtnetworkauth.win64_mingw/6.8.3-0-202503201308qtnetworkauth-Windows-Windows_10_22H2-Mingw-Windows-Windows_10_22H2-X86_64.7z
2026-04-19 19:41:06,935 - aqt.helper - INFO - helper 27408 Redirected: ftp.fau.de
2026-04-19 19:41:06,936 - aqt.helper - INFO - helper 23564 Redirected: ftp.fau.de
2026-04-19 19:41:08,012 - aqt.installer - INFO - installer 23564 Finished installation of qtnetworkauth-Windows-Windows_10_22H2-Mingw-Windows-Windows_10_22H2-X86_64.7z in 3.15247560
2026-04-19 19:41:08,026 - aqt.helper - DEBUG - helper 23564 Attempt to download checksum at https://download.qt.io/online/qtsdkrepository/windows_x86/desktop/qt6_683/qt6_683/qt.qt6.683.win64_mingw/6.8.3-0-202503201308qttools-Windows-Windows_10_22H2-Mingw-Windows-Windows_10_22H2-X86_64.7z.sha256
2026-04-19 19:41:08,070 - aqt.installer - INFO - installer 27408 Finished installation of qtsvg-Windows-Windows_10_22H2-Mingw-Windows-Windows_10_22H2-X86_64.7z in 3.20829390
2026-04-19 19:41:08,085 - aqt.helper - DEBUG - helper 27408 Attempt to download checksum at https://download.qt.io/online/qtsdkrepository/windows_x86/desktop/qt6_683/qt6_683/qt.qt6.683.win64_mingw/6.8.3-0-202503201308qttranslations-Windows-Windows_10_22H2-Mingw-Windows-Windows_10_22H2-X86_64.7z.sha256
2026-04-19 19:41:08,754 - aqt.helper - INFO - helper 23564 Downloading qttools...
2026-04-19 19:41:08,755 - aqt.installer - DEBUG - installer 23564 Download URL: https://download.qt.io/online/qtsdkrepository/windows_x86/desktop/qt6_683/qt6_683/qt.qt6.683.win64_mingw/6.8.3-0-202503201308qttools-Windows-Windows_10_22H2-Mingw-Windows-Windows_10_22H2-X86_64.7z
2026-04-19 19:41:08,808 - aqt.helper - INFO - helper 27408 Downloading qttranslations...
2026-04-19 19:41:08,808 - aqt.installer - DEBUG - installer 27408 Download URL: https://download.qt.io/online/qtsdkrepository/windows_x86/desktop/qt6_683/qt6_683/qt.qt6.683.win64_mingw/6.8.3-0-202503201308qttranslations-Windows-Windows_10_22H2-Mingw-Windows-Windows_10_22H2-X86_64.7z
2026-04-19 19:41:09,552 - aqt.helper - DEBUG - helper 23564 Asked to redirect(302) to: https://ftp.fau.de/qtproject/online/qtsdkrepository/windows_x86/desktop/qt6_683/qt6_683/qt.qt6.683.win64_mingw/6.8.3-0-202503201308qttools-Windows-Windows_10_22H2-Mingw-Windows-Windows_10_22H2-X86_64.7z
2026-04-19 19:41:09,552 - aqt.helper - DEBUG - helper 27408 Asked to redirect(302) to: https://ftp.fau.de/qtproject/online/qtsdkrepository/windows_x86/desktop/qt6_683/qt6_683/qt.qt6.683.win64_mingw/6.8.3-0-202503201308qttranslations-Windows-Windows_10_22H2-Mingw-Windows-Windows_10_22H2-X86_64.7z
2026-04-19 19:41:09,552 - aqt.helper - INFO - helper 23564 Redirected: ftp.fau.de
2026-04-19 19:41:09,553 - aqt.helper - INFO - helper 27408 Redirected: ftp.fau.de
2026-04-19 19:41:11,030 - aqt.installer - INFO - installer 27408 Finished installation of qttranslations-Windows-Windows_10_22H2-Mingw-Windows-Windows_10_22H2-X86_64.7z in 2.94856880
2026-04-19 19:41:11,044 - aqt.helper - DEBUG - helper 27408 Attempt to download checksum at https://download.qt.io/online/qtsdkrepository/windows_x86/desktop/qt6_683/qt6_683/qt.qt6.683.win64_mingw/6.8.3-0-202503201308MinGW-w64-x86_64-13.1.0-release-posix-seh-msvcrt-rt_v11-rev1-runtime.7z.sha256
2026-04-19 19:41:11,650 - aqt.helper - INFO - helper 27408 Downloading MinGW...
2026-04-19 19:41:11,651 - aqt.installer - DEBUG - installer 27408 Download URL: https://download.qt.io/online/qtsdkrepository/windows_x86/desktop/qt6_683/qt6_683/qt.qt6.683.win64_mingw/6.8.3-0-202503201308MinGW-w64-x86_64-13.1.0-release-posix-seh-msvcrt-rt_v11-rev1-runtime.7z
2026-04-19 19:41:12,265 - aqt.helper - DEBUG - helper 27408 Asked to redirect(302) to: https://ftp.fau.de/qtproject/online/qtsdkrepository/windows_x86/desktop/qt6_683/qt6_683/qt.qt6.683.win64_mingw/6.8.3-0-202503201308MinGW-w64-x86_64-13.1.0-release-posix-seh-msvcrt-rt_v11-rev1-runtime.7z
2026-04-19 19:41:12,265 - aqt.helper - INFO - helper 27408 Redirected: ftp.fau.de
2026-04-19 19:41:13,059 - aqt.installer - INFO - installer 27408 Finished installation of MinGW-w64-x86_64-13.1.0-release-posix-seh-msvcrt-rt_v11-rev1-runtime.7z in 2.01845610
2026-04-19 19:41:13,072 - aqt.helper - DEBUG - helper 27408 Attempt to download checksum at https://download.qt.io/online/qtsdkrepository/windows_x86/desktop/qt6_683/qt6_683/qt.qt6.683.win64_mingw/6.8.3-0-202503201308d3dcompiler_47-x64.7z.sha256
2026-04-19 19:41:13,790 - aqt.helper - INFO - helper 27408 Downloading d3dcompiler_47...
2026-04-19 19:41:13,790 - aqt.installer - DEBUG - installer 27408 Download URL: https://download.qt.io/online/qtsdkrepository/windows_x86/desktop/qt6_683/qt6_683/qt.qt6.683.win64_mingw/6.8.3-0-202503201308d3dcompiler_47-x64.7z
2026-04-19 19:41:14,262 - aqt.installer - INFO - installer 9596 Finished installation of qtbase-Windows-Windows_10_22H2-Mingw-Windows-Windows_10_22H2-X86_64.7z in 9.40049590
2026-04-19 19:41:14,281 - aqt.helper - DEBUG - helper 9596 Attempt to download checksum at https://download.qt.io/online/qtsdkrepository/windows_x86/desktop/qt6_683/qt6_683/qt.qt6.683.win64_mingw/6.8.3-0-202503201308opengl32sw-64-mesa_11_2_2-signed_sha256.7z.sha256
2026-04-19 19:41:14,483 - aqt.helper - DEBUG - helper 27408 Asked to redirect(302) to: https://ftp.fau.de/qtproject/online/qtsdkrepository/windows_x86/desktop/qt6_683/qt6_683/qt.qt6.683.win64_mingw/6.8.3-0-202503201308d3dcompiler_47-x64.7z
2026-04-19 19:41:14,483 - aqt.helper - INFO - helper 27408 Redirected: ftp.fau.de
2026-04-19 19:41:14,959 - aqt.helper - INFO - helper 9596 Downloading opengl32sw...
2026-04-19 19:41:14,960 - aqt.installer - DEBUG - installer 9596 Download URL: https://download.qt.io/online/qtsdkrepository/windows_x86/desktop/qt6_683/qt6_683/qt.qt6.683.win64_mingw/6.8.3-0-202503201308opengl32sw-64-mesa_11_2_2-signed_sha256.7z
2026-04-19 19:41:15,579 - aqt.installer - INFO - installer 27408 Finished installation of d3dcompiler_47-x64.7z in 2.50952280
2026-04-19 19:41:15,593 - aqt.helper - DEBUG - helper 9596 Asked to redirect(302) to: https://ftp.fau.de/qtproject/online/qtsdkrepository/windows_x86/desktop/qt6_683/qt6_683/qt.qt6.683.win64_mingw/6.8.3-0-202503201308opengl32sw-64-mesa_11_2_2-signed_sha256.7z
2026-04-19 19:41:15,593 - aqt.helper - INFO - helper 9596 Redirected: ftp.fau.de
2026-04-19 19:41:15,637 - aqt.installer - INFO - installer 23564 Finished installation of qttools-Windows-Windows_10_22H2-Mingw-Windows-Windows_10_22H2-X86_64.7z in 7.61420440
2026-04-19 19:41:17,729 - aqt.installer - INFO - installer 9596 Finished installation of opengl32sw-64-mesa_11_2_2-signed_sha256.7z in 3.45142330
2026-04-19 19:41:38,647 - aqt.installer - INFO - installer 25572 Finished installation of qtdeclarative-Windows-Windows_10_22H2-Mingw-Windows-Windows_10_22H2-X86_64.7z in 33.78446140
2026-04-19 19:41:39,013 - aqt.updater - INFO - updater 7392 Patching C:\Qt\6.8.3\mingw_64\bin\qmake.exe
2026-04-19 19:41:39,020 - aqt.updater - INFO - updater 7392 Patching C:\Qt\6.8.3\mingw_64\lib\pkgconfig\Qt6Concurrent.pc
2026-04-19 19:41:39,027 - aqt.updater - INFO - updater 7392 Patching C:\Qt\6.8.3\mingw_64\lib\pkgconfig\Qt6Core.pc
2026-04-19 19:41:39,034 - aqt.updater - INFO - updater 7392 Patching C:\Qt\6.8.3\mingw_64\lib\pkgconfig\Qt6DBus.pc
2026-04-19 19:41:39,038 - aqt.updater - INFO - updater 7392 Patching C:\Qt\6.8.3\mingw_64\lib\pkgconfig\Qt6Designer.pc
2026-04-19 19:41:39,044 - aqt.updater - INFO - updater 7392 Patching C:\Qt\6.8.3\mingw_64\lib\pkgconfig\Qt6Gui.pc
2026-04-19 19:41:39,049 - aqt.updater - INFO - updater 7392 Patching C:\Qt\6.8.3\mingw_64\lib\pkgconfig\Qt6Help.pc
2026-04-19 19:41:39,055 - aqt.updater - INFO - updater 7392 Patching C:\Qt\6.8.3\mingw_64\lib\pkgconfig\Qt6LabsAnimation.pc
2026-04-19 19:41:39,061 - aqt.updater - INFO - updater 7392 Patching C:\Qt\6.8.3\mingw_64\lib\pkgconfig\Qt6LabsFolderListModel.pc
2026-04-19 19:41:39,066 - aqt.updater - INFO - updater 7392 Patching C:\Qt\6.8.3\mingw_64\lib\pkgconfig\Qt6LabsPlatform.pc
2026-04-19 19:41:39,072 - aqt.updater - INFO - updater 7392 Patching C:\Qt\6.8.3\mingw_64\lib\pkgconfig\Qt6LabsQmlModels.pc
2026-04-19 19:41:39,077 - aqt.updater - INFO - updater 7392 Patching C:\Qt\6.8.3\mingw_64\lib\pkgconfig\Qt6LabsSettings.pc
2026-04-19 19:41:39,082 - aqt.updater - INFO - updater 7392 Patching C:\Qt\6.8.3\mingw_64\lib\pkgconfig\Qt6LabsSharedImage.pc
2026-04-19 19:41:39,087 - aqt.updater - INFO - updater 7392 Patching C:\Qt\6.8.3\mingw_64\lib\pkgconfig\Qt6LabsWavefrontMesh.pc
2026-04-19 19:41:39,091 - aqt.updater - INFO - updater 7392 Patching C:\Qt\6.8.3\mingw_64\lib\pkgconfig\Qt6Linguist.pc
2026-04-19 19:41:39,096 - aqt.updater - INFO - updater 7392 Patching C:\Qt\6.8.3\mingw_64\lib\pkgconfig\Qt6Network.pc
2026-04-19 19:41:39,100 - aqt.updater - INFO - updater 7392 Patching C:\Qt\6.8.3\mingw_64\lib\pkgconfig\Qt6NetworkAuth.pc
2026-04-19 19:41:39,104 - aqt.updater - INFO - updater 7392 Patching C:\Qt\6.8.3\mingw_64\lib\pkgconfig\Qt6OpenGL.pc
2026-04-19 19:41:39,109 - aqt.updater - INFO - updater 7392 Patching C:\Qt\6.8.3\mingw_64\lib\pkgconfig\Qt6OpenGLWidgets.pc
2026-04-19 19:41:39,113 - aqt.updater - INFO - updater 7392 Patching C:\Qt\6.8.3\mingw_64\lib\pkgconfig\Qt6Platform.pc
2026-04-19 19:41:39,119 - aqt.updater - INFO - updater 7392 Patching C:\Qt\6.8.3\mingw_64\lib\pkgconfig\Qt6PrintSupport.pc
2026-04-19 19:41:39,139 - aqt.updater - INFO - updater 7392 Patching C:\Qt\6.8.3\mingw_64\lib\pkgconfig\Qt6Qml.pc
2026-04-19 19:41:39,149 - aqt.updater - INFO - updater 7392 Patching C:\Qt\6.8.3\mingw_64\lib\pkgconfig\Qt6QmlAssetDownloader.pc
2026-04-19 19:41:39,155 - aqt.updater - INFO - updater 7392 Patching C:\Qt\6.8.3\mingw_64\lib\pkgconfig\Qt6QmlCompiler.pc
2026-04-19 19:41:39,161 - aqt.updater - INFO - updater 7392 Patching C:\Qt\6.8.3\mingw_64\lib\pkgconfig\Qt6QmlCore.pc
2026-04-19 19:41:39,166 - aqt.updater - INFO - updater 7392 Patching C:\Qt\6.8.3\mingw_64\lib\pkgconfig\Qt6QmlIntegration.pc
2026-04-19 19:41:39,172 - aqt.updater - INFO - updater 7392 Patching C:\Qt\6.8.3\mingw_64\lib\pkgconfig\Qt6QmlLocalStorage.pc
2026-04-19 19:41:39,180 - aqt.updater - INFO - updater 7392 Patching C:\Qt\6.8.3\mingw_64\lib\pkgconfig\Qt6QmlMeta.pc
2026-04-19 19:41:39,187 - aqt.updater - INFO - updater 7392 Patching C:\Qt\6.8.3\mingw_64\lib\pkgconfig\Qt6QmlModels.pc
2026-04-19 19:41:39,193 - aqt.updater - INFO - updater 7392 Patching C:\Qt\6.8.3\mingw_64\lib\pkgconfig\Qt6QmlNetwork.pc
2026-04-19 19:41:39,200 - aqt.updater - INFO - updater 7392 Patching C:\Qt\6.8.3\mingw_64\lib\pkgconfig\Qt6QmlWorkerScript.pc
2026-04-19 19:41:39,208 - aqt.updater - INFO - updater 7392 Patching C:\Qt\6.8.3\mingw_64\lib\pkgconfig\Qt6QmlXmlListModel.pc
2026-04-19 19:41:39,216 - aqt.updater - INFO - updater 7392 Patching C:\Qt\6.8.3\mingw_64\lib\pkgconfig\Qt6Quick.pc
2026-04-19 19:41:39,223 - aqt.updater - INFO - updater 7392 Patching C:\Qt\6.8.3\mingw_64\lib\pkgconfig\Qt6QuickControls2.pc
2026-04-19 19:41:39,230 - aqt.updater - INFO - updater 7392 Patching C:\Qt\6.8.3\mingw_64\lib\pkgconfig\Qt6QuickControls2Basic.pc
2026-04-19 19:41:39,237 - aqt.updater - INFO - updater 7392 Patching C:\Qt\6.8.3\mingw_64\lib\pkgconfig\Qt6QuickControls2BasicStyleImpl.pc
2026-04-19 19:41:39,245 - aqt.updater - INFO - updater 7392 Patching C:\Qt\6.8.3\mingw_64\lib\pkgconfig\Qt6QuickControls2FluentWinUI3StyleImpl.pc
2026-04-19 19:41:39,252 - aqt.updater - INFO - updater 7392 Patching C:\Qt\6.8.3\mingw_64\lib\pkgconfig\Qt6QuickControls2Fusion.pc
2026-04-19 19:41:39,263 - aqt.updater - INFO - updater 7392 Patching C:\Qt\6.8.3\mingw_64\lib\pkgconfig\Qt6QuickControls2FusionStyleImpl.pc
2026-04-19 19:41:39,270 - aqt.updater - INFO - updater 7392 Patching C:\Qt\6.8.3\mingw_64\lib\pkgconfig\Qt6QuickControls2Imagine.pc
2026-04-19 19:41:39,278 - aqt.updater - INFO - updater 7392 Patching C:\Qt\6.8.3\mingw_64\lib\pkgconfig\Qt6QuickControls2ImagineStyleImpl.pc
2026-04-19 19:41:39,284 - aqt.updater - INFO - updater 7392 Patching C:\Qt\6.8.3\mingw_64\lib\pkgconfig\Qt6QuickControls2Impl.pc
2026-04-19 19:41:39,291 - aqt.updater - INFO - updater 7392 Patching C:\Qt\6.8.3\mingw_64\lib\pkgconfig\Qt6QuickControls2Material.pc
2026-04-19 19:41:39,297 - aqt.updater - INFO - updater 7392 Patching C:\Qt\6.8.3\mingw_64\lib\pkgconfig\Qt6QuickControls2MaterialStyleImpl.pc
2026-04-19 19:41:39,303 - aqt.updater - INFO - updater 7392 Patching C:\Qt\6.8.3\mingw_64\lib\pkgconfig\Qt6QuickControls2Universal.pc
2026-04-19 19:41:39,311 - aqt.updater - INFO - updater 7392 Patching C:\Qt\6.8.3\mingw_64\lib\pkgconfig\Qt6QuickControls2UniversalStyleImpl.pc
2026-04-19 19:41:39,318 - aqt.updater - INFO - updater 7392 Patching C:\Qt\6.8.3\mingw_64\lib\pkgconfig\Qt6QuickControls2WindowsStyleImpl.pc
2026-04-19 19:41:39,327 - aqt.updater - INFO - updater 7392 Patching C:\Qt\6.8.3\mingw_64\lib\pkgconfig\Qt6QuickDialogs2.pc
2026-04-19 19:41:39,334 - aqt.updater - INFO - updater 7392 Patching C:\Qt\6.8.3\mingw_64\lib\pkgconfig\Qt6QuickDialogs2QuickImpl.pc
2026-04-19 19:41:39,342 - aqt.updater - INFO - updater 7392 Patching C:\Qt\6.8.3\mingw_64\lib\pkgconfig\Qt6QuickDialogs2Utils.pc
2026-04-19 19:41:39,350 - aqt.updater - INFO - updater 7392 Patching C:\Qt\6.8.3\mingw_64\lib\pkgconfig\Qt6QuickLayouts.pc
2026-04-19 19:41:39,357 - aqt.updater - INFO - updater 7392 Patching C:\Qt\6.8.3\mingw_64\lib\pkgconfig\Qt6QuickTemplates2.pc
2026-04-19 19:41:39,364 - aqt.updater - INFO - updater 7392 Patching C:\Qt\6.8.3\mingw_64\lib\pkgconfig\Qt6QuickTest.pc
2026-04-19 19:41:39,370 - aqt.updater - INFO - updater 7392 Patching C:\Qt\6.8.3\mingw_64\lib\pkgconfig\Qt6QuickVectorImage.pc
2026-04-19 19:41:39,377 - aqt.updater - INFO - updater 7392 Patching C:\Qt\6.8.3\mingw_64\lib\pkgconfig\Qt6QuickWidgets.pc
2026-04-19 19:41:39,385 - aqt.updater - INFO - updater 7392 Patching C:\Qt\6.8.3\mingw_64\lib\pkgconfig\Qt6Sql.pc
2026-04-19 19:41:39,394 - aqt.updater - INFO - updater 7392 Patching C:\Qt\6.8.3\mingw_64\lib\pkgconfig\Qt6Svg.pc
2026-04-19 19:41:39,401 - aqt.updater - INFO - updater 7392 Patching C:\Qt\6.8.3\mingw_64\lib\pkgconfig\Qt6SvgWidgets.pc
2026-04-19 19:41:39,409 - aqt.updater - INFO - updater 7392 Patching C:\Qt\6.8.3\mingw_64\lib\pkgconfig\Qt6Test.pc
2026-04-19 19:41:39,418 - aqt.updater - INFO - updater 7392 Patching C:\Qt\6.8.3\mingw_64\lib\pkgconfig\Qt6UiPlugin.pc
2026-04-19 19:41:39,429 - aqt.updater - INFO - updater 7392 Patching C:\Qt\6.8.3\mingw_64\lib\pkgconfig\Qt6UiTools.pc
2026-04-19 19:41:39,443 - aqt.updater - INFO - updater 7392 Patching C:\Qt\6.8.3\mingw_64\lib\pkgconfig\Qt6Widgets.pc
2026-04-19 19:41:39,452 - aqt.updater - INFO - updater 7392 Patching C:\Qt\6.8.3\mingw_64\lib\pkgconfig\Qt6Xml.pc
2026-04-19 19:41:39,463 - aqt.updater - INFO - updater 7392 Patching C:\Qt\6.8.3\mingw_64\lib\Qt6Concurrent.prl
2026-04-19 19:41:39,472 - aqt.updater - INFO - updater 7392 Patching C:\Qt\6.8.3\mingw_64\lib\Qt6Core.prl
2026-04-19 19:41:39,481 - aqt.updater - INFO - updater 7392 Patching C:\Qt\6.8.3\mingw_64\lib\Qt6DBus.prl
2026-04-19 19:41:39,495 - aqt.updater - INFO - updater 7392 Patching C:\Qt\6.8.3\mingw_64\lib\Qt6Designer.prl
2026-04-19 19:41:39,502 - aqt.updater - INFO - updater 7392 Patching C:\Qt\6.8.3\mingw_64\lib\Qt6DesignerComponents.prl
2026-04-19 19:41:39,580 - aqt.updater - INFO - updater 7392 Patching C:\Qt\6.8.3\mingw_64\lib\Qt6DeviceDiscoverySupport.prl
2026-04-19 19:41:39,599 - aqt.updater - INFO - updater 7392 Patching C:\Qt\6.8.3\mingw_64\lib\Qt6EntryPoint.prl
2026-04-19 19:41:39,613 - aqt.updater - INFO - updater 7392 Patching C:\Qt\6.8.3\mingw_64\lib\Qt6ExampleIcons.prl
2026-04-19 19:41:39,624 - aqt.updater - INFO - updater 7392 Patching C:\Qt\6.8.3\mingw_64\lib\Qt6ExamplesAssetDownloader.prl
2026-04-19 19:41:39,640 - aqt.updater - INFO - updater 7392 Patching C:\Qt\6.8.3\mingw_64\lib\Qt6FbSupport.prl
2026-04-19 19:41:39,649 - aqt.updater - INFO - updater 7392 Patching C:\Qt\6.8.3\mingw_64\lib\Qt6Gui.prl
2026-04-19 19:41:39,656 - aqt.updater - INFO - updater 7392 Patching C:\Qt\6.8.3\mingw_64\lib\Qt6Help.prl
2026-04-19 19:41:39,663 - aqt.updater - INFO - updater 7392 Patching C:\Qt\6.8.3\mingw_64\lib\Qt6LabsAnimation.prl
2026-04-19 19:41:39,671 - aqt.updater - INFO - updater 7392 Patching C:\Qt\6.8.3\mingw_64\lib\Qt6LabsFolderListModel.prl
2026-04-19 19:41:39,677 - aqt.updater - INFO - updater 7392 Patching C:\Qt\6.8.3\mingw_64\lib\Qt6LabsPlatform.prl
2026-04-19 19:41:39,682 - aqt.updater - INFO - updater 7392 Patching C:\Qt\6.8.3\mingw_64\lib\Qt6LabsQmlModels.prl
2026-04-19 19:41:39,690 - aqt.updater - INFO - updater 7392 Patching C:\Qt\6.8.3\mingw_64\lib\Qt6LabsSettings.prl
2026-04-19 19:41:39,700 - aqt.updater - INFO - updater 7392 Patching C:\Qt\6.8.3\mingw_64\lib\Qt6LabsSharedImage.prl
2026-04-19 19:41:39,709 - aqt.updater - INFO - updater 7392 Patching C:\Qt\6.8.3\mingw_64\lib\Qt6LabsWavefrontMesh.prl
2026-04-19 19:41:39,715 - aqt.updater - INFO - updater 7392 Patching C:\Qt\6.8.3\mingw_64\lib\Qt6Network.prl
2026-04-19 19:41:39,721 - aqt.updater - INFO - updater 7392 Patching C:\Qt\6.8.3\mingw_64\lib\Qt6NetworkAuth.prl
2026-04-19 19:41:39,727 - aqt.updater - INFO - updater 7392 Patching C:\Qt\6.8.3\mingw_64\lib\Qt6OpenGL.prl
2026-04-19 19:41:39,734 - aqt.updater - INFO - updater 7392 Patching C:\Qt\6.8.3\mingw_64\lib\Qt6OpenGLWidgets.prl
2026-04-19 19:41:39,743 - aqt.updater - INFO - updater 7392 Patching C:\Qt\6.8.3\mingw_64\lib\Qt6PacketProtocol.prl
2026-04-19 19:41:39,751 - aqt.updater - INFO - updater 7392 Patching C:\Qt\6.8.3\mingw_64\lib\Qt6PrintSupport.prl
2026-04-19 19:41:39,760 - aqt.updater - INFO - updater 7392 Patching C:\Qt\6.8.3\mingw_64\lib\Qt6Qml.prl
2026-04-19 19:41:39,768 - aqt.updater - INFO - updater 7392 Patching C:\Qt\6.8.3\mingw_64\lib\Qt6QmlAssetDownloader.prl
2026-04-19 19:41:39,777 - aqt.updater - INFO - updater 7392 Patching C:\Qt\6.8.3\mingw_64\lib\Qt6QmlCompiler.prl
2026-04-19 19:41:39,783 - aqt.updater - INFO - updater 7392 Patching C:\Qt\6.8.3\mingw_64\lib\Qt6QmlCore.prl
2026-04-19 19:41:39,793 - aqt.updater - INFO - updater 7392 Patching C:\Qt\6.8.3\mingw_64\lib\Qt6QmlDebug.prl
2026-04-19 19:41:39,799 - aqt.updater - INFO - updater 7392 Patching C:\Qt\6.8.3\mingw_64\lib\Qt6QmlDom.prl
2026-04-19 19:41:39,807 - aqt.updater - INFO - updater 7392 Patching C:\Qt\6.8.3\mingw_64\lib\Qt6QmlLocalStorage.prl
2026-04-19 19:41:39,816 - aqt.updater - INFO - updater 7392 Patching C:\Qt\6.8.3\mingw_64\lib\Qt6QmlLS.prl
2026-04-19 19:41:39,823 - aqt.updater - INFO - updater 7392 Patching C:\Qt\6.8.3\mingw_64\lib\Qt6QmlMeta.prl
2026-04-19 19:41:39,828 - aqt.updater - INFO - updater 7392 Patching C:\Qt\6.8.3\mingw_64\lib\Qt6QmlModels.prl
2026-04-19 19:41:39,835 - aqt.updater - INFO - updater 7392 Patching C:\Qt\6.8.3\mingw_64\lib\Qt6QmlNetwork.prl
2026-04-19 19:41:39,843 - aqt.updater - INFO - updater 7392 Patching C:\Qt\6.8.3\mingw_64\lib\Qt6QmlToolingSettings.prl
2026-04-19 19:41:39,850 - aqt.updater - INFO - updater 7392 Patching C:\Qt\6.8.3\mingw_64\lib\Qt6QmlTypeRegistrar.prl
2026-04-19 19:41:39,857 - aqt.updater - INFO - updater 7392 Patching C:\Qt\6.8.3\mingw_64\lib\Qt6QmlWorkerScript.prl
2026-04-19 19:41:39,864 - aqt.updater - INFO - updater 7392 Patching C:\Qt\6.8.3\mingw_64\lib\Qt6QmlXmlListModel.prl
2026-04-19 19:41:39,869 - aqt.updater - INFO - updater 7392 Patching C:\Qt\6.8.3\mingw_64\lib\Qt6Quick.prl
2026-04-19 19:41:39,877 - aqt.updater - INFO - updater 7392 Patching C:\Qt\6.8.3\mingw_64\lib\Qt6QuickControls2.prl
2026-04-19 19:41:39,885 - aqt.updater - INFO - updater 7392 Patching C:\Qt\6.8.3\mingw_64\lib\Qt6QuickControls2Basic.prl
2026-04-19 19:41:39,893 - aqt.updater - INFO - updater 7392 Patching C:\Qt\6.8.3\mingw_64\lib\Qt6QuickControls2BasicStyleImpl.prl
2026-04-19 19:41:39,901 - aqt.updater - INFO - updater 7392 Patching C:\Qt\6.8.3\mingw_64\lib\Qt6QuickControls2FluentWinUI3StyleImpl.prl
2026-04-19 19:41:39,910 - aqt.updater - INFO - updater 7392 Patching C:\Qt\6.8.3\mingw_64\lib\Qt6QuickControls2Fusion.prl
2026-04-19 19:41:39,917 - aqt.updater - INFO - updater 7392 Patching C:\Qt\6.8.3\mingw_64\lib\Qt6QuickControls2FusionStyleImpl.prl
2026-04-19 19:41:39,924 - aqt.updater - INFO - updater 7392 Patching C:\Qt\6.8.3\mingw_64\lib\Qt6QuickControls2Imagine.prl
2026-04-19 19:41:39,936 - aqt.updater - INFO - updater 7392 Patching C:\Qt\6.8.3\mingw_64\lib\Qt6QuickControls2ImagineStyleImpl.prl
2026-04-19 19:41:39,945 - aqt.updater - INFO - updater 7392 Patching C:\Qt\6.8.3\mingw_64\lib\Qt6QuickControls2Impl.prl
2026-04-19 19:41:39,953 - aqt.updater - INFO - updater 7392 Patching C:\Qt\6.8.3\mingw_64\lib\Qt6QuickControls2Material.prl
2026-04-19 19:41:39,961 - aqt.updater - INFO - updater 7392 Patching C:\Qt\6.8.3\mingw_64\lib\Qt6QuickControls2MaterialStyleImpl.prl
2026-04-19 19:41:39,968 - aqt.updater - INFO - updater 7392 Patching C:\Qt\6.8.3\mingw_64\lib\Qt6QuickControls2Universal.prl
2026-04-19 19:41:39,978 - aqt.updater - INFO - updater 7392 Patching C:\Qt\6.8.3\mingw_64\lib\Qt6QuickControls2UniversalStyleImpl.prl
2026-04-19 19:41:39,985 - aqt.updater - INFO - updater 7392 Patching C:\Qt\6.8.3\mingw_64\lib\Qt6QuickControls2WindowsStyleImpl.prl
2026-04-19 19:41:39,993 - aqt.updater - INFO - updater 7392 Patching C:\Qt\6.8.3\mingw_64\lib\Qt6QuickControlsTestUtils.prl
2026-04-19 19:41:40,001 - aqt.updater - INFO - updater 7392 Patching C:\Qt\6.8.3\mingw_64\lib\Qt6QuickDialogs2.prl
2026-04-19 19:41:40,011 - aqt.updater - INFO - updater 7392 Patching C:\Qt\6.8.3\mingw_64\lib\Qt6QuickDialogs2QuickImpl.prl
2026-04-19 19:41:40,020 - aqt.updater - INFO - updater 7392 Patching C:\Qt\6.8.3\mingw_64\lib\Qt6QuickDialogs2Utils.prl
2026-04-19 19:41:40,031 - aqt.updater - INFO - updater 7392 Patching C:\Qt\6.8.3\mingw_64\lib\Qt6QuickEffects.prl
2026-04-19 19:41:40,039 - aqt.updater - INFO - updater 7392 Patching C:\Qt\6.8.3\mingw_64\lib\Qt6QuickLayouts.prl
2026-04-19 19:41:40,047 - aqt.updater - INFO - updater 7392 Patching C:\Qt\6.8.3\mingw_64\lib\Qt6QuickParticles.prl
2026-04-19 19:41:40,055 - aqt.updater - INFO - updater 7392 Patching C:\Qt\6.8.3\mingw_64\lib\Qt6QuickShapes.prl
2026-04-19 19:41:40,065 - aqt.updater - INFO - updater 7392 Patching C:\Qt\6.8.3\mingw_64\lib\Qt6QuickTemplates2.prl
2026-04-19 19:41:40,074 - aqt.updater - INFO - updater 7392 Patching C:\Qt\6.8.3\mingw_64\lib\Qt6QuickTest.prl
2026-04-19 19:41:40,087 - aqt.updater - INFO - updater 7392 Patching C:\Qt\6.8.3\mingw_64\lib\Qt6QuickTestUtils.prl
2026-04-19 19:41:40,094 - aqt.updater - INFO - updater 7392 Patching C:\Qt\6.8.3\mingw_64\lib\Qt6QuickVectorImage.prl
2026-04-19 19:41:40,101 - aqt.updater - INFO - updater 7392 Patching C:\Qt\6.8.3\mingw_64\lib\Qt6QuickVectorImageGenerator.prl
2026-04-19 19:41:40,108 - aqt.updater - INFO - updater 7392 Patching C:\Qt\6.8.3\mingw_64\lib\Qt6QuickWidgets.prl
2026-04-19 19:41:40,114 - aqt.updater - INFO - updater 7392 Patching C:\Qt\6.8.3\mingw_64\lib\Qt6Sql.prl
2026-04-19 19:41:40,120 - aqt.updater - INFO - updater 7392 Patching C:\Qt\6.8.3\mingw_64\lib\Qt6Svg.prl
2026-04-19 19:41:40,126 - aqt.updater - INFO - updater 7392 Patching C:\Qt\6.8.3\mingw_64\lib\Qt6SvgWidgets.prl
2026-04-19 19:41:40,134 - aqt.updater - INFO - updater 7392 Patching C:\Qt\6.8.3\mingw_64\lib\Qt6Test.prl
2026-04-19 19:41:40,142 - aqt.updater - INFO - updater 7392 Patching C:\Qt\6.8.3\mingw_64\lib\Qt6UiTools.prl
2026-04-19 19:41:40,150 - aqt.updater - INFO - updater 7392 Patching C:\Qt\6.8.3\mingw_64\lib\Qt6Widgets.prl
2026-04-19 19:41:40,159 - aqt.updater - INFO - updater 7392 Patching C:\Qt\6.8.3\mingw_64\lib\Qt6Xml.prl
2026-04-19 19:41:40,169 - aqt.main - INFO - installer 7392 Finished installation
2026-04-19 19:41:40,170 - aqt.main - INFO - installer 7392 Time elapsed: 42.48289850 second
